#
# There is insufficient memory for the Java Runtime Environment to continue.
# Native memory allocation (malloc) failed to allocate 4694160 bytes. Error detail: Chunk::new
# Possible reasons:
#   The system is out of physical RAM or swap space
#   This process is running with CompressedOops enabled, and the Java Heap may be blocking the growth of the native heap
# Possible solutions:
#   Reduce memory load on the system
#   Increase physical memory or swap space
#   Check if swap backing store is full
#   Decrease Java heap size (-Xmx/-Xms)
#   Decrease number of Java threads
#   Decrease Java thread stack sizes (-Xss)
#   Set larger code cache with -XX:ReservedCodeCacheSize=
#   JVM is running with Unscaled Compressed Oops mode in which the Java heap is
#     placed in the first 4GB address space. The Java Heap base address is the
#     maximum limit for the native heap growth. Please use -XX:HeapBaseMinAddress
#     to set the Java Heap base and to place the Java Heap above 4GB virtual address.
# This output file may be truncated or incomplete.
#
#  Out of Memory Error (arena.cpp:162), pid=31040, tid=36500
#
# JRE version: OpenJDK Runtime Environment Zulu24.30+11-CA (24.0.1+9) (build 24.0.1+9)
# Java VM: OpenJDK 64-Bit Server VM Zulu24.30+11-CA (24.0.1+9, mixed mode, sharing, tiered, compressed oops, compressed class ptrs, g1 gc, windows-amd64)
# No core dump will be written. Minidumps are not enabled by default on client versions of Windows
#

---------------  S U M M A R Y ------------

Command Line: cr.ac.ucr.parchis.Parchis

Host: AMD Ryzen 5 7520U with Radeon Graphics         , 8 cores, 7G,  Windows 11 , 64 bit Build 26100 (10.0.26100.4768)
Time: Thu Oct 16 10:35:50 2025 Hora estándar, América Central elapsed time: 1.693230 seconds (0d 0h 0m 1s)

---------------  T H R E A D  ---------------

Current thread (0x00000229ebc74900):  JavaThread "C2 CompilerThread0" daemon [_thread_in_native, id=36500, stack(0x000000ed38700000,0x000000ed38800000) (1024K)]


Current CompileTask:
C2:1693 1148   !   4       sun.awt.image.ImageRepresentation::getOpaqueRGBImage (164 bytes)

Stack: [0x000000ed38700000,0x000000ed38800000]
Native frames: (J=compiled Java code, j=interpreted, Vv=VM code, C=native code)
V  [jvm.dll+0x7410c9]  (no source info available)
V  [jvm.dll+0x97def3]  (no source info available)
V  [jvm.dll+0x98021d]  (no source info available)
V  [jvm.dll+0x980893]  (no source info available)
V  [jvm.dll+0x2b5b16]  (no source info available)
V  [jvm.dll+0xd019f]  (no source info available)
V  [jvm.dll+0xd03ff]  (no source info available)
V  [jvm.dll+0x15b8bf]  (no source info available)
V  [jvm.dll+0x74698f]  (no source info available)
V  [jvm.dll+0x27a528]  (no source info available)
V  [jvm.dll+0x279641]  (no source info available)
V  [jvm.dll+0x1f313a]  (no source info available)
V  [jvm.dll+0x288e35]  (no source info available)
V  [jvm.dll+0x2870ca]  (no source info available)
V  [jvm.dll+0x43df56]  (no source info available)
V  [jvm.dll+0x920928]  (no source info available)
V  [jvm.dll+0x73f855]  (no source info available)
C  [ucrtbase.dll+0x37b0]  (no source info available)
C  [KERNEL32.DLL+0x2e8d7]  (no source info available)
C  [ntdll.dll+0x3c34c]  (no source info available)

Lock stack of current Java thread (top to bottom):


---------------  P R O C E S S  ---------------

Threads class SMR info:
_java_thread_list=0x00000229ec7c6dc0, length=17, elements={
0x00000229ebc5b900, 0x00000229ebc5c140, 0x00000229ebc5f7c0, 0x00000229ebc62300,
0x00000229ebc62e30, 0x00000229ebc63960, 0x00000229ebc74900, 0x00000229ebc84280,
0x00000229c509ec70, 0x00000229c509fbc0, 0x00000229c55bf380, 0x00000229c5850f30,
0x00000229c5851670, 0x00000229ec0a4340, 0x00000229ec051aa0, 0x00000229ec050c00,
0x00000229ec0521f0
}

Java Threads: ( => current thread )
  0x00000229ebc5b900 JavaThread "Reference Handler"          daemon [_thread_blocked, id=9708, stack(0x000000ed38100000,0x000000ed38200000) (1024K)]
  0x00000229ebc5c140 JavaThread "Finalizer"                  daemon [_thread_blocked, id=29820, stack(0x000000ed38200000,0x000000ed38300000) (1024K)]
  0x00000229ebc5f7c0 JavaThread "Signal Dispatcher"          daemon [_thread_blocked, id=11880, stack(0x000000ed38300000,0x000000ed38400000) (1024K)]
  0x00000229ebc62300 JavaThread "Attach Listener"            daemon [_thread_blocked, id=14076, stack(0x000000ed38400000,0x000000ed38500000) (1024K)]
  0x00000229ebc62e30 JavaThread "Service Thread"             daemon [_thread_blocked, id=6992, stack(0x000000ed38500000,0x000000ed38600000) (1024K)]
  0x00000229ebc63960 JavaThread "Monitor Deflation Thread"   daemon [_thread_blocked, id=18916, stack(0x000000ed38600000,0x000000ed38700000) (1024K)]
=>0x00000229ebc74900 JavaThread "C2 CompilerThread0"         daemon [_thread_in_native, id=36500, stack(0x000000ed38700000,0x000000ed38800000) (1024K)]
  0x00000229ebc84280 JavaThread "C1 CompilerThread0"         daemon [_thread_blocked, id=12240, stack(0x000000ed38800000,0x000000ed38900000) (1024K)]
  0x00000229c509ec70 JavaThread "Notification Thread"        daemon [_thread_blocked, id=24440, stack(0x000000ed38900000,0x000000ed38a00000) (1024K)]
  0x00000229c509fbc0 JavaThread "Common-Cleaner"             daemon [_thread_blocked, id=14572, stack(0x000000ed38a00000,0x000000ed38b00000) (1024K)]
  0x00000229c55bf380 JavaThread "Java2D Disposer"            daemon [_thread_blocked, id=34252, stack(0x000000ed38b00000,0x000000ed38c00000) (1024K)]
  0x00000229c5850f30 JavaThread "AWT-Shutdown"                      [_thread_blocked, id=10024, stack(0x000000ed38c00000,0x000000ed38d00000) (1024K)]
  0x00000229c5851670 JavaThread "AWT-Windows"                daemon [_thread_in_native, id=37644, stack(0x000000ed38d00000,0x000000ed38e00000) (1024K)]
  0x00000229ec0a4340 JavaThread "Image Fetcher 0"            daemon [_thread_blocked, id=38016, stack(0x000000ed39600000,0x000000ed39700000) (1024K)]
  0x00000229ec051aa0 JavaThread "AWT-EventQueue-0"                  [_thread_in_native, id=34484, stack(0x000000ed39700000,0x000000ed39800000) (1024K)]
  0x00000229ec050c00 JavaThread "D3D Screen Updater"         daemon [_thread_blocked, id=13328, stack(0x000000ed39800000,0x000000ed39900000) (1024K)]
  0x00000229ec0521f0 JavaThread "DestroyJavaVM"                     [_thread_blocked, id=1272, stack(0x000000ed37900000,0x000000ed37a00000) (1024K)]
Total: 17

Other Threads:
  0x00000229ebc4eff0 VMThread "VM Thread"                           [id=4332, stack(0x000000ed38000000,0x000000ed38100000) (1024K)]
  0x00000229ebc3b650 WatcherThread "VM Periodic Task Thread"        [id=38144, stack(0x000000ed37f00000,0x000000ed38000000) (1024K)]
  0x00000229ceffa7c0 WorkerThread "GC Thread#0"                     [id=6976, stack(0x000000ed37a00000,0x000000ed37b00000) (1024K)]
  0x00000229cf027ce0 ConcurrentGCThread "G1 Main Marker"            [id=35652, stack(0x000000ed37b00000,0x000000ed37c00000) (1024K)]
  0x00000229cf028f90 WorkerThread "G1 Conc#0"                       [id=37760, stack(0x000000ed37c00000,0x000000ed37d00000) (1024K)]
  0x00000229ebafd1e0 ConcurrentGCThread "G1 Refine#0"               [id=38480, stack(0x000000ed37d00000,0x000000ed37e00000) (1024K)]
  0x00000229ebafed90 ConcurrentGCThread "G1 Service"                [id=31096, stack(0x000000ed37e00000,0x000000ed37f00000) (1024K)]
Total: 7

Threads with active compile tasks:
C2 CompilerThread0  3864 1148   !   4       sun.awt.image.ImageRepresentation::getOpaqueRGBImage (164 bytes)
Total: 1

VM state: not at safepoint (normal execution)

VM Mutex/Monitor currently owned by a thread: None

Heap address: 0x000000008c200000, size: 1854 MB, Compressed Oops mode: 32-bit

CDS archive(s) mapped at: [0x0000022980000000-0x0000022980d40000-0x0000022980d40000), size 13893632, SharedBaseAddress: 0x0000022980000000, ArchiveRelocationMode: 1.
Compressed class space mapped at: 0x0000022981000000-0x00000229c1000000, reserved size: 1073741824
UseCompressedClassPointers 1, UseCompactObjectHeaders 0
Narrow klass pointer bits 32, Max shift 3
Narrow klass base: 0x0000022980000000, Narrow klass shift: 0
Encoding Range: [0x0000022980000000 - 0x0000022a80000000), (4294967296 bytes)
Klass Range:    [0x0000022980000000 - 0x00000229c1000000), (1090519040 bytes)
Klass ID Range:  [8 - 1090519033) (1090519025)

GC Precious Log:
 CardTable entry size: 512
 Card Set container configuration: InlinePtr #cards 5 size 8 Array Of Cards #cards 10 size 36 Howl #buckets 4 coarsen threshold 1843 Howl Bitmap #cards 512 size 80 coarsen threshold 460 Card regions per heap region 1 cards per card region 2048
 CPUs: 8 total, 8 available
 Memory: 7412M
 Large Page Support: Disabled
 NUMA Support: Disabled
 Compressed Oops: Enabled (32-bit)
 Heap Region Size: 1M
 Heap Min Capacity: 8M
 Heap Initial Capacity: 116M
 Heap Max Capacity: 1854M
 Pre-touch: Disabled
 Parallel Workers: 8
 Concurrent Workers: 2
 Concurrent Refinement Workers: 8
 Periodic GC: Disabled

Heap:
 garbage-first heap   total reserved 1898496K, committed 120832K, used 27760K [0x000000008c200000, 0x0000000100000000)
  region size 1024K, 21 young (21504K), 0 survivors (0K)
 Metaspace       used 7804K, committed 8128K, reserved 1114112K
  class space    used 668K, committed 832K, reserved 1048576K

Heap Regions: E=young(eden), S=young(survivor), O=old, HS=humongous(starts), HC=humongous(continues), CS=collection set, F=free, TAMS=top-at-mark-start, PB=parsable bottom
|   0|0x000000008c200000, 0x000000008c300000, 0x000000008c300000|100%|HS|  |TAMS 0x000000008c200000| PB 0x000000008c200000| Complete |  0
|   1|0x000000008c300000, 0x000000008c400000, 0x000000008c400000|100%|HC|  |TAMS 0x000000008c300000| PB 0x000000008c300000| Complete |  0
|   2|0x000000008c400000, 0x000000008c500000, 0x000000008c500000|100%|HC|  |TAMS 0x000000008c400000| PB 0x000000008c400000| Complete |  0
|   3|0x000000008c500000, 0x000000008c600000, 0x000000008c600000|100%|HS|  |TAMS 0x000000008c500000| PB 0x000000008c500000| Complete |  0
|   4|0x000000008c600000, 0x000000008c700000, 0x000000008c700000|100%|HC|  |TAMS 0x000000008c600000| PB 0x000000008c600000| Complete |  0
|   5|0x000000008c700000, 0x000000008c800000, 0x000000008c800000|100%|HC|  |TAMS 0x000000008c700000| PB 0x000000008c700000| Complete |  0
|   6|0x000000008c800000, 0x000000008c800000, 0x000000008c900000|  0%| F|  |TAMS 0x000000008c800000| PB 0x000000008c800000| Untracked |  0
|   7|0x000000008c900000, 0x000000008c900000, 0x000000008ca00000|  0%| F|  |TAMS 0x000000008c900000| PB 0x000000008c900000| Untracked |  0
|   8|0x000000008ca00000, 0x000000008ca00000, 0x000000008cb00000|  0%| F|  |TAMS 0x000000008ca00000| PB 0x000000008ca00000| Untracked |  0
|   9|0x000000008cb00000, 0x000000008cb00000, 0x000000008cc00000|  0%| F|  |TAMS 0x000000008cb00000| PB 0x000000008cb00000| Untracked |  0
|  10|0x000000008cc00000, 0x000000008cc00000, 0x000000008cd00000|  0%| F|  |TAMS 0x000000008cc00000| PB 0x000000008cc00000| Untracked |  0
|  11|0x000000008cd00000, 0x000000008cd00000, 0x000000008ce00000|  0%| F|  |TAMS 0x000000008cd00000| PB 0x000000008cd00000| Untracked |  0
|  12|0x000000008ce00000, 0x000000008ce00000, 0x000000008cf00000|  0%| F|  |TAMS 0x000000008ce00000| PB 0x000000008ce00000| Untracked |  0
|  13|0x000000008cf00000, 0x000000008cf00000, 0x000000008d000000|  0%| F|  |TAMS 0x000000008cf00000| PB 0x000000008cf00000| Untracked |  0
|  14|0x000000008d000000, 0x000000008d000000, 0x000000008d100000|  0%| F|  |TAMS 0x000000008d000000| PB 0x000000008d000000| Untracked |  0
|  15|0x000000008d100000, 0x000000008d100000, 0x000000008d200000|  0%| F|  |TAMS 0x000000008d100000| PB 0x000000008d100000| Untracked |  0
|  16|0x000000008d200000, 0x000000008d200000, 0x000000008d300000|  0%| F|  |TAMS 0x000000008d200000| PB 0x000000008d200000| Untracked |  0
|  17|0x000000008d300000, 0x000000008d300000, 0x000000008d400000|  0%| F|  |TAMS 0x000000008d300000| PB 0x000000008d300000| Untracked |  0
|  18|0x000000008d400000, 0x000000008d400000, 0x000000008d500000|  0%| F|  |TAMS 0x000000008d400000| PB 0x000000008d400000| Untracked |  0
|  19|0x000000008d500000, 0x000000008d500000, 0x000000008d600000|  0%| F|  |TAMS 0x000000008d500000| PB 0x000000008d500000| Untracked |  0
|  20|0x000000008d600000, 0x000000008d600000, 0x000000008d700000|  0%| F|  |TAMS 0x000000008d600000| PB 0x000000008d600000| Untracked |  0
|  21|0x000000008d700000, 0x000000008d700000, 0x000000008d800000|  0%| F|  |TAMS 0x000000008d700000| PB 0x000000008d700000| Untracked |  0
|  22|0x000000008d800000, 0x000000008d800000, 0x000000008d900000|  0%| F|  |TAMS 0x000000008d800000| PB 0x000000008d800000| Untracked |  0
|  23|0x000000008d900000, 0x000000008d900000, 0x000000008da00000|  0%| F|  |TAMS 0x000000008d900000| PB 0x000000008d900000| Untracked |  0
|  24|0x000000008da00000, 0x000000008da00000, 0x000000008db00000|  0%| F|  |TAMS 0x000000008da00000| PB 0x000000008da00000| Untracked |  0
|  25|0x000000008db00000, 0x000000008db00000, 0x000000008dc00000|  0%| F|  |TAMS 0x000000008db00000| PB 0x000000008db00000| Untracked |  0
|  26|0x000000008dc00000, 0x000000008dc00000, 0x000000008dd00000|  0%| F|  |TAMS 0x000000008dc00000| PB 0x000000008dc00000| Untracked |  0
|  27|0x000000008dd00000, 0x000000008dd00000, 0x000000008de00000|  0%| F|  |TAMS 0x000000008dd00000| PB 0x000000008dd00000| Untracked |  0
|  28|0x000000008de00000, 0x000000008de00000, 0x000000008df00000|  0%| F|  |TAMS 0x000000008de00000| PB 0x000000008de00000| Untracked |  0
|  29|0x000000008df00000, 0x000000008df00000, 0x000000008e000000|  0%| F|  |TAMS 0x000000008df00000| PB 0x000000008df00000| Untracked |  0
|  30|0x000000008e000000, 0x000000008e000000, 0x000000008e100000|  0%| F|  |TAMS 0x000000008e000000| PB 0x000000008e000000| Untracked |  0
|  31|0x000000008e100000, 0x000000008e100000, 0x000000008e200000|  0%| F|  |TAMS 0x000000008e100000| PB 0x000000008e100000| Untracked |  0
|  32|0x000000008e200000, 0x000000008e200000, 0x000000008e300000|  0%| F|  |TAMS 0x000000008e200000| PB 0x000000008e200000| Untracked |  0
|  33|0x000000008e300000, 0x000000008e300000, 0x000000008e400000|  0%| F|  |TAMS 0x000000008e300000| PB 0x000000008e300000| Untracked |  0
|  34|0x000000008e400000, 0x000000008e400000, 0x000000008e500000|  0%| F|  |TAMS 0x000000008e400000| PB 0x000000008e400000| Untracked |  0
|  35|0x000000008e500000, 0x000000008e500000, 0x000000008e600000|  0%| F|  |TAMS 0x000000008e500000| PB 0x000000008e500000| Untracked |  0
|  36|0x000000008e600000, 0x000000008e600000, 0x000000008e700000|  0%| F|  |TAMS 0x000000008e600000| PB 0x000000008e600000| Untracked |  0
|  37|0x000000008e700000, 0x000000008e700000, 0x000000008e800000|  0%| F|  |TAMS 0x000000008e700000| PB 0x000000008e700000| Untracked |  0
|  38|0x000000008e800000, 0x000000008e800000, 0x000000008e900000|  0%| F|  |TAMS 0x000000008e800000| PB 0x000000008e800000| Untracked |  0
|  39|0x000000008e900000, 0x000000008e900000, 0x000000008ea00000|  0%| F|  |TAMS 0x000000008e900000| PB 0x000000008e900000| Untracked |  0
|  40|0x000000008ea00000, 0x000000008ea00000, 0x000000008eb00000|  0%| F|  |TAMS 0x000000008ea00000| PB 0x000000008ea00000| Untracked |  0
|  41|0x000000008eb00000, 0x000000008eb00000, 0x000000008ec00000|  0%| F|  |TAMS 0x000000008eb00000| PB 0x000000008eb00000| Untracked |  0
|  42|0x000000008ec00000, 0x000000008ec00000, 0x000000008ed00000|  0%| F|  |TAMS 0x000000008ec00000| PB 0x000000008ec00000| Untracked |  0
|  43|0x000000008ed00000, 0x000000008ed00000, 0x000000008ee00000|  0%| F|  |TAMS 0x000000008ed00000| PB 0x000000008ed00000| Untracked |  0
|  44|0x000000008ee00000, 0x000000008ee00000, 0x000000008ef00000|  0%| F|  |TAMS 0x000000008ee00000| PB 0x000000008ee00000| Untracked |  0
|  45|0x000000008ef00000, 0x000000008ef00000, 0x000000008f000000|  0%| F|  |TAMS 0x000000008ef00000| PB 0x000000008ef00000| Untracked |  0
|  46|0x000000008f000000, 0x000000008f000000, 0x000000008f100000|  0%| F|  |TAMS 0x000000008f000000| PB 0x000000008f000000| Untracked |  0
|  47|0x000000008f100000, 0x000000008f100000, 0x000000008f200000|  0%| F|  |TAMS 0x000000008f100000| PB 0x000000008f100000| Untracked |  0
|  48|0x000000008f200000, 0x000000008f200000, 0x000000008f300000|  0%| F|  |TAMS 0x000000008f200000| PB 0x000000008f200000| Untracked |  0
|  49|0x000000008f300000, 0x000000008f300000, 0x000000008f400000|  0%| F|  |TAMS 0x000000008f300000| PB 0x000000008f300000| Untracked |  0
|  50|0x000000008f400000, 0x000000008f400000, 0x000000008f500000|  0%| F|  |TAMS 0x000000008f400000| PB 0x000000008f400000| Untracked |  0
|  51|0x000000008f500000, 0x000000008f500000, 0x000000008f600000|  0%| F|  |TAMS 0x000000008f500000| PB 0x000000008f500000| Untracked |  0
|  52|0x000000008f600000, 0x000000008f600000, 0x000000008f700000|  0%| F|  |TAMS 0x000000008f600000| PB 0x000000008f600000| Untracked |  0
|  53|0x000000008f700000, 0x000000008f700000, 0x000000008f800000|  0%| F|  |TAMS 0x000000008f700000| PB 0x000000008f700000| Untracked |  0
|  54|0x000000008f800000, 0x000000008f800000, 0x000000008f900000|  0%| F|  |TAMS 0x000000008f800000| PB 0x000000008f800000| Untracked |  0
|  55|0x000000008f900000, 0x000000008f900000, 0x000000008fa00000|  0%| F|  |TAMS 0x000000008f900000| PB 0x000000008f900000| Untracked |  0
|  56|0x000000008fa00000, 0x000000008fa00000, 0x000000008fb00000|  0%| F|  |TAMS 0x000000008fa00000| PB 0x000000008fa00000| Untracked |  0
|  57|0x000000008fb00000, 0x000000008fb00000, 0x000000008fc00000|  0%| F|  |TAMS 0x000000008fb00000| PB 0x000000008fb00000| Untracked |  0
|  58|0x000000008fc00000, 0x000000008fc00000, 0x000000008fd00000|  0%| F|  |TAMS 0x000000008fc00000| PB 0x000000008fc00000| Untracked |  0
|  59|0x000000008fd00000, 0x000000008fd00000, 0x000000008fe00000|  0%| F|  |TAMS 0x000000008fd00000| PB 0x000000008fd00000| Untracked |  0
|  60|0x000000008fe00000, 0x000000008fe00000, 0x000000008ff00000|  0%| F|  |TAMS 0x000000008fe00000| PB 0x000000008fe00000| Untracked |  0
|  61|0x000000008ff00000, 0x000000008ff00000, 0x0000000090000000|  0%| F|  |TAMS 0x000000008ff00000| PB 0x000000008ff00000| Untracked |  0
|  62|0x0000000090000000, 0x0000000090000000, 0x0000000090100000|  0%| F|  |TAMS 0x0000000090000000| PB 0x0000000090000000| Untracked |  0
|  63|0x0000000090100000, 0x0000000090100000, 0x0000000090200000|  0%| F|  |TAMS 0x0000000090100000| PB 0x0000000090100000| Untracked |  0
|  64|0x0000000090200000, 0x0000000090200000, 0x0000000090300000|  0%| F|  |TAMS 0x0000000090200000| PB 0x0000000090200000| Untracked |  0
|  65|0x0000000090300000, 0x0000000090300000, 0x0000000090400000|  0%| F|  |TAMS 0x0000000090300000| PB 0x0000000090300000| Untracked |  0
|  66|0x0000000090400000, 0x0000000090400000, 0x0000000090500000|  0%| F|  |TAMS 0x0000000090400000| PB 0x0000000090400000| Untracked |  0
|  67|0x0000000090500000, 0x0000000090500000, 0x0000000090600000|  0%| F|  |TAMS 0x0000000090500000| PB 0x0000000090500000| Untracked |  0
|  68|0x0000000090600000, 0x0000000090600000, 0x0000000090700000|  0%| F|  |TAMS 0x0000000090600000| PB 0x0000000090600000| Untracked |  0
|  69|0x0000000090700000, 0x0000000090700000, 0x0000000090800000|  0%| F|  |TAMS 0x0000000090700000| PB 0x0000000090700000| Untracked |  0
|  70|0x0000000090800000, 0x0000000090800000, 0x0000000090900000|  0%| F|  |TAMS 0x0000000090800000| PB 0x0000000090800000| Untracked |  0
|  71|0x0000000090900000, 0x0000000090900000, 0x0000000090a00000|  0%| F|  |TAMS 0x0000000090900000| PB 0x0000000090900000| Untracked |  0
|  72|0x0000000090a00000, 0x0000000090a00000, 0x0000000090b00000|  0%| F|  |TAMS 0x0000000090a00000| PB 0x0000000090a00000| Untracked |  0
|  73|0x0000000090b00000, 0x0000000090b00000, 0x0000000090c00000|  0%| F|  |TAMS 0x0000000090b00000| PB 0x0000000090b00000| Untracked |  0
|  74|0x0000000090c00000, 0x0000000090c00000, 0x0000000090d00000|  0%| F|  |TAMS 0x0000000090c00000| PB 0x0000000090c00000| Untracked |  0
|  75|0x0000000090d00000, 0x0000000090d00000, 0x0000000090e00000|  0%| F|  |TAMS 0x0000000090d00000| PB 0x0000000090d00000| Untracked |  0
|  76|0x0000000090e00000, 0x0000000090e00000, 0x0000000090f00000|  0%| F|  |TAMS 0x0000000090e00000| PB 0x0000000090e00000| Untracked |  0
|  77|0x0000000090f00000, 0x0000000090f00000, 0x0000000091000000|  0%| F|  |TAMS 0x0000000090f00000| PB 0x0000000090f00000| Untracked |  0
|  78|0x0000000091000000, 0x0000000091000000, 0x0000000091100000|  0%| F|  |TAMS 0x0000000091000000| PB 0x0000000091000000| Untracked |  0
|  79|0x0000000091100000, 0x0000000091100000, 0x0000000091200000|  0%| F|  |TAMS 0x0000000091100000| PB 0x0000000091100000| Untracked |  0
|  80|0x0000000091200000, 0x0000000091200000, 0x0000000091300000|  0%| F|  |TAMS 0x0000000091200000| PB 0x0000000091200000| Untracked |  0
|  81|0x0000000091300000, 0x0000000091300000, 0x0000000091400000|  0%| F|  |TAMS 0x0000000091300000| PB 0x0000000091300000| Untracked |  0
|  82|0x0000000091400000, 0x0000000091400000, 0x0000000091500000|  0%| F|  |TAMS 0x0000000091400000| PB 0x0000000091400000| Untracked |  0
|  83|0x0000000091500000, 0x0000000091500000, 0x0000000091600000|  0%| F|  |TAMS 0x0000000091500000| PB 0x0000000091500000| Untracked |  0
|  84|0x0000000091600000, 0x0000000091600000, 0x0000000091700000|  0%| F|  |TAMS 0x0000000091600000| PB 0x0000000091600000| Untracked |  0
|  85|0x0000000091700000, 0x0000000091700000, 0x0000000091800000|  0%| F|  |TAMS 0x0000000091700000| PB 0x0000000091700000| Untracked |  0
|  86|0x0000000091800000, 0x0000000091800000, 0x0000000091900000|  0%| F|  |TAMS 0x0000000091800000| PB 0x0000000091800000| Untracked |  0
|  87|0x0000000091900000, 0x0000000091900000, 0x0000000091a00000|  0%| F|  |TAMS 0x0000000091900000| PB 0x0000000091900000| Untracked |  0
|  88|0x0000000091a00000, 0x0000000091a00000, 0x0000000091b00000|  0%| F|  |TAMS 0x0000000091a00000| PB 0x0000000091a00000| Untracked |  0
|  89|0x0000000091b00000, 0x0000000091b00000, 0x0000000091c00000|  0%| F|  |TAMS 0x0000000091b00000| PB 0x0000000091b00000| Untracked |  0
|  90|0x0000000091c00000, 0x0000000091c00000, 0x0000000091d00000|  0%| F|  |TAMS 0x0000000091c00000| PB 0x0000000091c00000| Untracked |  0
|  91|0x0000000091d00000, 0x0000000091d00000, 0x0000000091e00000|  0%| F|  |TAMS 0x0000000091d00000| PB 0x0000000091d00000| Untracked |  0
|  92|0x0000000091e00000, 0x0000000091e00000, 0x0000000091f00000|  0%| F|  |TAMS 0x0000000091e00000| PB 0x0000000091e00000| Untracked |  0
|  93|0x0000000091f00000, 0x0000000091f00000, 0x0000000092000000|  0%| F|  |TAMS 0x0000000091f00000| PB 0x0000000091f00000| Untracked |  0
|  94|0x0000000092000000, 0x0000000092000000, 0x0000000092100000|  0%| F|  |TAMS 0x0000000092000000| PB 0x0000000092000000| Untracked |  0
|  95|0x0000000092100000, 0x0000000092180000, 0x0000000092200000| 50%| E|  |TAMS 0x0000000092100000| PB 0x0000000092100000| Complete |  0
|  96|0x0000000092200000, 0x0000000092300000, 0x0000000092300000|100%| E|CS|TAMS 0x0000000092200000| PB 0x0000000092200000| Complete |  0
|  97|0x0000000092300000, 0x0000000092400000, 0x0000000092400000|100%| E|CS|TAMS 0x0000000092300000| PB 0x0000000092300000| Complete |  0
|  98|0x0000000092400000, 0x0000000092500000, 0x0000000092500000|100%| E|CS|TAMS 0x0000000092400000| PB 0x0000000092400000| Complete |  0
|  99|0x0000000092500000, 0x0000000092600000, 0x0000000092600000|100%| E|CS|TAMS 0x0000000092500000| PB 0x0000000092500000| Complete |  0
| 100|0x0000000092600000, 0x0000000092700000, 0x0000000092700000|100%| E|CS|TAMS 0x0000000092600000| PB 0x0000000092600000| Complete |  0
| 101|0x0000000092700000, 0x0000000092800000, 0x0000000092800000|100%| E|CS|TAMS 0x0000000092700000| PB 0x0000000092700000| Complete |  0
| 102|0x0000000092800000, 0x0000000092900000, 0x0000000092900000|100%| E|CS|TAMS 0x0000000092800000| PB 0x0000000092800000| Complete |  0
| 103|0x0000000092900000, 0x0000000092a00000, 0x0000000092a00000|100%| E|CS|TAMS 0x0000000092900000| PB 0x0000000092900000| Complete |  0
| 104|0x0000000092a00000, 0x0000000092b00000, 0x0000000092b00000|100%| E|CS|TAMS 0x0000000092a00000| PB 0x0000000092a00000| Complete |  0
| 105|0x0000000092b00000, 0x0000000092c00000, 0x0000000092c00000|100%| E|CS|TAMS 0x0000000092b00000| PB 0x0000000092b00000| Complete |  0
| 106|0x0000000092c00000, 0x0000000092d00000, 0x0000000092d00000|100%| E|CS|TAMS 0x0000000092c00000| PB 0x0000000092c00000| Complete |  0
| 107|0x0000000092d00000, 0x0000000092e00000, 0x0000000092e00000|100%| E|CS|TAMS 0x0000000092d00000| PB 0x0000000092d00000| Complete |  0
| 108|0x0000000092e00000, 0x0000000092f00000, 0x0000000092f00000|100%| E|CS|TAMS 0x0000000092e00000| PB 0x0000000092e00000| Complete |  0
| 109|0x0000000092f00000, 0x0000000093000000, 0x0000000093000000|100%| E|CS|TAMS 0x0000000092f00000| PB 0x0000000092f00000| Complete |  0
| 110|0x0000000093000000, 0x0000000093100000, 0x0000000093100000|100%| E|CS|TAMS 0x0000000093000000| PB 0x0000000093000000| Complete |  0
| 111|0x0000000093100000, 0x0000000093200000, 0x0000000093200000|100%| E|CS|TAMS 0x0000000093100000| PB 0x0000000093100000| Complete |  0
| 112|0x0000000093200000, 0x0000000093300000, 0x0000000093300000|100%| E|CS|TAMS 0x0000000093200000| PB 0x0000000093200000| Complete |  0
| 113|0x0000000093300000, 0x0000000093400000, 0x0000000093400000|100%| E|CS|TAMS 0x0000000093300000| PB 0x0000000093300000| Complete |  0
| 114|0x0000000093400000, 0x0000000093500000, 0x0000000093500000|100%| E|CS|TAMS 0x0000000093400000| PB 0x0000000093400000| Complete |  0
| 115|0x0000000093500000, 0x0000000093600000, 0x0000000093600000|100%| E|CS|TAMS 0x0000000093500000| PB 0x0000000093500000| Complete |  0
|1852|0x00000000ffe00000, 0x00000000fff00000, 0x00000000fff00000|100%| O|  |TAMS 0x00000000ffe00000| PB 0x00000000ffe00000| Untracked |  0
|1853|0x00000000fff00000, 0x00000000fff1c2f8, 0x0000000100000000| 11%| O|  |TAMS 0x00000000fff00000| PB 0x00000000fff00000| Untracked |  0

Card table byte_map: [0x00000229e7180000,0x00000229e7520000] _byte_map_base: 0x00000229e6d1f000

Marking Bits: (CMBitMap*) 0x00000229ceffaed0
 Bits: [0x00000229e7520000, 0x00000229e9218000)

Polling page: 0x00000229ccf60000

Metaspace:

Usage:
  Non-class:      6.97 MB used.
      Class:    668.19 KB used.
       Both:      7.62 MB used.

Virtual space:
  Non-class space:       64.00 MB reserved,       7.12 MB ( 11%) committed,  1 nodes.
      Class space:        1.00 GB reserved,     832.00 KB ( <1%) committed,  1 nodes.
             Both:        1.06 GB reserved,       7.94 MB ( <1%) committed. 

Chunk freelists:
   Non-Class:  8.93 MB
       Class:  15.18 MB
        Both:  24.11 MB

MaxMetaspaceSize: unlimited
CompressedClassSpaceSize: 1.00 GB
Initial GC threshold: 21.00 MB
Current GC threshold: 21.00 MB
CDS: on
 - commit_granule_bytes: 65536.
 - commit_granule_words: 8192.
 - virtual_space_node_default_size: 8388608.
 - enlarge_chunks_in_place: 1.
UseCompressedClassPointers 1, UseCompactObjectHeaders 0
Narrow klass pointer bits 32, Max shift 3
Narrow klass base: 0x0000022980000000, Narrow klass shift: 0
Encoding Range: [0x0000022980000000 - 0x0000022a80000000), (4294967296 bytes)
Klass Range:    [0x0000022980000000 - 0x00000229c1000000), (1090519040 bytes)
Klass ID Range:  [8 - 1090519033) (1090519025)


Internal statistics:

num_allocs_failed_limit: 0.
num_arena_births: 148.
num_arena_deaths: 0.
num_vsnodes_births: 2.
num_vsnodes_deaths: 0.
num_space_committed: 127.
num_space_uncommitted: 0.
num_chunks_returned_to_freelist: 0.
num_chunks_taken_from_freelist: 173.
num_chunk_merges: 0.
num_chunk_splits: 118.
num_chunks_enlarged: 71.
num_inconsistent_stats: 0.

CodeHeap 'non-profiled nmethods': size=120064Kb used=350Kb max_used=350Kb free=119713Kb
 bounds [0x00000229df570000, 0x00000229df7e0000, 0x00000229e6ab0000]
CodeHeap 'profiled nmethods': size=120000Kb used=1865Kb max_used=1865Kb free=118134Kb
 bounds [0x00000229d7ab0000, 0x00000229d7d20000, 0x00000229defe0000]
CodeHeap 'non-nmethods': size=5696Kb used=1487Kb max_used=1551Kb free=4208Kb
 bounds [0x00000229defe0000, 0x00000229df250000, 0x00000229df570000]
CodeCache: size=245760Kb, used=3702Kb, max_used=3766Kb, free=242055Kb
 total_blobs=1891, nmethods=1230, adapters=566, full_count=0
Compilation: enabled, stopped_count=0, restarted_count=0

Compilation events (20 events):
Event: 1.566 Thread 0x00000229ebc84280 1201       1       jdk.internal.foreign.AbstractMemorySegmentImpl::sessionImpl (5 bytes)
Event: 1.566 Thread 0x00000229ebc84280 nmethod 1201 0x00000229df5c6988 code [0x00000229df5c6a80, 0x00000229df5c6b48]
Event: 1.566 Thread 0x00000229ebc84280 1202       1       jdk.internal.foreign.NativeMemorySegmentImpl::unsafeGetBase (2 bytes)
Event: 1.566 Thread 0x00000229ebc84280 nmethod 1202 0x00000229df5c6c88 code [0x00000229df5c6da0, 0x00000229df5c6e70]
Event: 1.566 Thread 0x00000229ebc84280 1203       1       jdk.internal.foreign.NativeMemorySegmentImpl::maxAlignMask (2 bytes)
Event: 1.566 Thread 0x00000229ebc84280 nmethod 1203 0x00000229df5c6f88 code [0x00000229df5c7080, 0x00000229df5c7148]
Event: 1.633 Thread 0x00000229ebc84280 1204       3       java.lang.Class::reflectionData (43 bytes)
Event: 1.634 Thread 0x00000229ebc84280 nmethod 1204 0x00000229d7c76c88 code [0x00000229d7c76dc0, 0x00000229d7c77188]
Event: 1.634 Thread 0x00000229ebc84280 1205   !   3       java.awt.Component::firePropertyChange (59 bytes)
Event: 1.634 Thread 0x00000229ebc84280 nmethod 1205 0x00000229d7c77208 code [0x00000229d7c77360, 0x00000229d7c77910]
Event: 1.634 Thread 0x00000229ebc84280 1207       3       sun.awt.SunToolkit::isInstanceOf (71 bytes)
Event: 1.635 Thread 0x00000229ebc84280 nmethod 1207 0x00000229d7c77988 code [0x00000229d7c77b40, 0x00000229d7c78430]
Event: 1.635 Thread 0x00000229ebc84280 1208   !   3       javax.swing.UIDefaults::getFromResourceBundle (69 bytes)
Event: 1.635 Thread 0x00000229ebc84280 nmethod 1208 0x00000229d7c78488 code [0x00000229d7c78600, 0x00000229d7c78dd0]
Event: 1.635 Thread 0x00000229ebc84280 1206       3       java.util.ArrayList::iterator (9 bytes)
Event: 1.636 Thread 0x00000229ebc84280 nmethod 1206 0x00000229d7c78e08 code [0x00000229d7c78f20, 0x00000229d7c791b0]
Event: 1.636 Thread 0x00000229ebc84280 1209   !   3       jdk.internal.logger.LazyLoggers$LazyLoggerAccessor::platform (107 bytes)
Event: 1.637 Thread 0x00000229ebc84280 nmethod 1209 0x00000229d7c79208 code [0x00000229d7c793c0, 0x00000229d7c7a120]
Event: 1.637 Thread 0x00000229ebc84280 1210       3       java.awt.Component::invalidateIfValid (12 bytes)
Event: 1.637 Thread 0x00000229ebc84280 nmethod 1210 0x00000229d7c7a188 code [0x00000229d7c7a2c0, 0x00000229d7c7a610]

GC Heap History (0 events):
No events

Dll operation events (9 events):
Event: 0.016 Loaded shared library C:\Program Files\Apache NetBeans\jdk\bin\java.dll
Event: 0.057 Loaded shared library C:\Program Files\Apache NetBeans\jdk\bin\jsvml.dll
Event: 0.092 Loaded shared library C:\Program Files\Apache NetBeans\jdk\bin\jimage.dll
Event: 0.099 Loaded shared library C:\Program Files\Apache NetBeans\jdk\bin\net.dll
Event: 0.102 Loaded shared library C:\Program Files\Apache NetBeans\jdk\bin\nio.dll
Event: 0.105 Loaded shared library C:\Program Files\Apache NetBeans\jdk\bin\zip.dll
Event: 0.122 Loaded shared library C:\Program Files\Apache NetBeans\jdk\bin\awt.dll
Event: 0.973 Loaded shared library C:\Program Files\Apache NetBeans\jdk\bin\freetype.dll
Event: 0.976 Loaded shared library C:\Program Files\Apache NetBeans\jdk\bin\fontmanager.dll

Deoptimization events (20 events):
Event: 1.412 Thread 0x00000229ec0a4340 DEOPT PACKING pc=0x00000229d7bc3678 sp=0x000000ed396ff0e0
Event: 1.412 Thread 0x00000229ec0a4340 DEOPT UNPACKING pc=0x00000229df035722 sp=0x000000ed396fe580 mode 0
Event: 1.413 Thread 0x00000229ec0a4340 DEOPT PACKING pc=0x00000229d7bc3678 sp=0x000000ed396ff0e0
Event: 1.413 Thread 0x00000229ec0a4340 DEOPT UNPACKING pc=0x00000229df035722 sp=0x000000ed396fe580 mode 0
Event: 1.413 Thread 0x00000229ec0a4340 DEOPT PACKING pc=0x00000229d7bc3678 sp=0x000000ed396ff0e0
Event: 1.413 Thread 0x00000229ec0a4340 DEOPT UNPACKING pc=0x00000229df035722 sp=0x000000ed396fe580 mode 0
Event: 1.414 Thread 0x00000229ec0a4340 DEOPT PACKING pc=0x00000229d7bc3678 sp=0x000000ed396ff0e0
Event: 1.414 Thread 0x00000229ec0a4340 DEOPT UNPACKING pc=0x00000229df035722 sp=0x000000ed396fe580 mode 0
Event: 1.449 Thread 0x00000229ec0a4340 Uncommon trap: trap_request=0xffffffe4 fr.pc=0x00000229df5a9598 relative=0x0000000000001d18
Event: 1.449 Thread 0x00000229ec0a4340 Uncommon trap: reason=range_check action=make_not_entrant pc=0x00000229df5a9598 method=java.awt.image.PackedColorModel.DecomposeMask(IILjava/lang/String;)V @ 8 c2
Event: 1.449 Thread 0x00000229ec0a4340 DEOPT PACKING pc=0x00000229df5a9598 sp=0x000000ed396ff3b0
Event: 1.449 Thread 0x00000229ec0a4340 DEOPT UNPACKING pc=0x00000229df0f4a02 sp=0x000000ed396ff130 mode 2
Event: 1.461 Thread 0x00000229ccc81020 Uncommon trap: trap_request=0xffffff76 fr.pc=0x00000229df5b34ac relative=0x000000000000028c
Event: 1.461 Thread 0x00000229ccc81020 Uncommon trap: reason=predicate action=maybe_recompile pc=0x00000229df5b34ac method=java.util.ArrayList.indexOfRange(Ljava/lang/Object;II)I @ 45 c2
Event: 1.461 Thread 0x00000229ccc81020 DEOPT PACKING pc=0x00000229df5b34ac sp=0x000000ed379ff000
Event: 1.461 Thread 0x00000229ccc81020 DEOPT UNPACKING pc=0x00000229df0f4a02 sp=0x000000ed379fef78 mode 2
Event: 1.471 Thread 0x00000229ccc81020 Uncommon trap: trap_request=0xffffff5c fr.pc=0x00000229df5b1ae0 relative=0x0000000000000060
Event: 1.471 Thread 0x00000229ccc81020 Uncommon trap: reason=speculate_null_check action=make_not_entrant pc=0x00000229df5b1ae0 method=jdk.internal.misc.Unsafe.getIntUnaligned(Ljava/lang/Object;JZ)I @ 5 c2
Event: 1.471 Thread 0x00000229ccc81020 DEOPT PACKING pc=0x00000229df5b1ae0 sp=0x000000ed379fe470
Event: 1.471 Thread 0x00000229ccc81020 DEOPT UNPACKING pc=0x00000229df0f4a02 sp=0x000000ed379fe3c8 mode 2

Classes loaded (20 events):
Event: 1.454 Loading class java/awt/GraphicsCallback done
Event: 1.454 Loading class java/awt/GraphicsCallback$PaintCallback done
Event: 1.463 Loading class java/lang/invoke/BoundMethodHandle$Species_LLJJ
Event: 1.463 Loading class java/lang/invoke/BoundMethodHandle$Species_LLJJ done
Event: 1.478 Loading class sun/awt/image/BufferedImageGraphicsConfig
Event: 1.482 Loading class sun/awt/image/BufferedImageGraphicsConfig done
Event: 1.482 Loading class sun/print/PrinterGraphicsConfig
Event: 1.483 Loading class sun/print/PrinterGraphicsConfig done
Event: 1.483 Loading class sun/java2d/d3d/D3DVolatileSurfaceManager
Event: 1.483 Loading class sun/java2d/d3d/D3DVolatileSurfaceManager done
Event: 1.538 Loading class sun/awt/image/BufImgSurfaceManager
Event: 1.539 Loading class sun/awt/image/BufImgSurfaceManager done
Event: 1.539 Loading class sun/awt/image/BufImgSurfaceData
Event: 1.541 Loading class sun/awt/image/BufImgSurfaceData done
Event: 1.542 Loading class sun/awt/image/BufImgSurfaceData$ICMColorData
Event: 1.542 Loading class sun/awt/image/BufImgSurfaceData$ICMColorData done
Event: 1.543 Loading class sun/java2d/d3d/D3DSurfaceDataProxy
Event: 1.543 Loading class sun/java2d/d3d/D3DSurfaceDataProxy done
Event: 1.544 Loading class java/lang/invoke/VarHandleSegmentAsDoubles
Event: 1.557 Loading class java/lang/invoke/VarHandleSegmentAsDoubles done

Classes unloaded (0 events):
No events

Classes redefined (0 events):
No events

Internal exceptions (20 events):
Event: 0.705 Thread 0x00000229ccc81020 Exception <a 'java/lang/NoSuchMethodError'{0x0000000092ff28c0}: 'int java.lang.invoke.Invokers$Holder.invokeExact_MT(java.lang.Object, java.lang.Object)'> (0x0000000092ff28c0) 
thrown [s\src\hotspot\share\interpreter\linkResolver.cpp, line 805]
Event: 0.919 Thread 0x00000229c5851670 Exception <a 'java/lang/NoSuchMethodError'{0x000000009320fe98}: 'void java.lang.invoke.DirectMethodHandle$Holder.invokeVirtual(java.lang.Object, java.lang.Object)'> (0x000000009320fe98) 
thrown [s\src\hotspot\share\interpreter\linkResolver.cpp, line 805]
Event: 0.962 Thread 0x00000229ccc81020 Exception <a 'java/lang/NoSuchMethodError'{0x0000000092e35aa8}: 'void java.lang.invoke.DirectMethodHandle$Holder.invokeStaticInit(java.lang.Object)'> (0x0000000092e35aa8) 
thrown [s\src\hotspot\share\interpreter\linkResolver.cpp, line 805]
Event: 0.999 Thread 0x00000229ccc81020 Exception <a 'java/lang/NoSuchMethodError'{0x0000000092e6a0e8}: 'long java.lang.invoke.DirectMethodHandle$Holder.invokeStaticInit(java.lang.Object, long, long, long, long)'> (0x0000000092e6a0e8) 
thrown [s\src\hotspot\share\interpreter\linkResolver.cpp, line 805]
Event: 1.000 Thread 0x00000229ccc81020 Exception <a 'java/lang/NoSuchMethodError'{0x0000000092e72c60}: 'java.lang.Object java.lang.invoke.DirectMethodHandle$Holder.invokeInterface(java.lang.Object, java.lang.Object, long, long)'> (0x0000000092e72c60) 
thrown [s\src\hotspot\share\interpreter\linkResolver.cpp, line 805]
Event: 1.004 Thread 0x00000229ccc81020 Exception <a 'java/lang/NoSuchMethodError'{0x000000009298bb50}: 'void java.lang.invoke.DirectMethodHandle$Holder.invokeStaticInit(java.lang.Object, java.lang.Object, long, java.lang.Object)'> (0x000000009298bb50) 
thrown [s\src\hotspot\share\interpreter\linkResolver.cpp, line 805]
Event: 1.005 Thread 0x00000229ccc81020 Exception <a 'java/lang/NoSuchMethodError'{0x0000000092994738}: 'long java.lang.invoke.DirectMethodHandle$Holder.invokeStatic(java.lang.Object, long, long)'> (0x0000000092994738) 
thrown [s\src\hotspot\share\interpreter\linkResolver.cpp, line 805]
Event: 1.011 Thread 0x00000229ccc81020 Exception <a 'java/lang/NoSuchMethodError'{0x00000000929bd9a8}: 'java.lang.Object java.lang.invoke.DirectMethodHandle$Holder.newInvokeSpecial(java.lang.Object, int, java.lang.Object)'> (0x00000000929bd9a8) 
thrown [s\src\hotspot\share\interpreter\linkResolver.cpp, line 805]
Event: 1.137 Thread 0x00000229ccc81020 Exception <a 'java/io/FileNotFoundException'{0x00000000928e3958}> (0x00000000928e3958) 
thrown [s\src\hotspot\share\prims\jni.cpp, line 518]
Event: 1.141 Thread 0x00000229ccc81020 Exception <a 'java/io/FileNotFoundException'{0x00000000928e8808}> (0x00000000928e8808) 
thrown [s\src\hotspot\share\prims\jni.cpp, line 518]
Event: 1.159 Thread 0x00000229ccc81020 Exception <a 'java/io/FileNotFoundException'{0x0000000092705130}> (0x0000000092705130) 
thrown [s\src\hotspot\share\prims\jni.cpp, line 518]
Event: 1.230 Thread 0x00000229ccc81020 Exception <a 'java/io/FileNotFoundException'{0x00000000927ada90}> (0x00000000927ada90) 
thrown [s\src\hotspot\share\prims\jni.cpp, line 518]
Event: 1.250 Thread 0x00000229ccc81020 Exception <a 'java/io/FileNotFoundException'{0x000000009260d8f0}> (0x000000009260d8f0) 
thrown [s\src\hotspot\share\prims\jni.cpp, line 518]
Event: 1.251 Thread 0x00000229ccc81020 Exception <a 'java/io/FileNotFoundException'{0x0000000092610858}> (0x0000000092610858) 
thrown [s\src\hotspot\share\prims\jni.cpp, line 518]
Event: 1.293 Thread 0x00000229ec051aa0 Exception <a 'java/lang/NoSuchMethodError'{0x000000009291c990}: 'void java.lang.invoke.DelegatingMethodHandle$Holder.reinvoke_L(java.lang.Object, java.lang.Object, java.lang.Object, java.lang.Object, long, long, int)'> (0x000000009291c990) 
thrown [s\src\hotspot\share\interpreter\linkResolver.cpp, line 805]
Event: 1.298 Thread 0x00000229ec051aa0 Exception <a 'java/lang/NoSuchMethodError'{0x000000009293cb60}: 'java.lang.Object java.lang.invoke.DirectMethodHandle$Holder.invokeStatic(java.lang.Object, java.lang.Object, java.lang.Object, java.lang.Object, java.lang.Object, long)'> (0x000000009293cb60) 
thrown [s\src\hotspot\share\interpreter\linkResolver.cpp, line 805]
Event: 1.302 Thread 0x00000229ec051aa0 Exception <a 'java/lang/NoSuchMethodError'{0x0000000092960690}: 'void java.lang.invoke.DelegatingMethodHandle$Holder.reinvoke_L(java.lang.Object, java.lang.Object, java.lang.Object, java.lang.Object, long, long, long)'> (0x0000000092960690) 
thrown [s\src\hotspot\share\interpreter\linkResolver.cpp, line 805]
Event: 1.430 Thread 0x00000229ec051aa0 Exception <a 'java/lang/NoSuchMethodError'{0x000000009251daf8}: 'void java.lang.invoke.DelegatingMethodHandle$Holder.reinvoke_L(java.lang.Object, java.lang.Object, java.lang.Object, java.lang.Object, long, long, float)'> (0x000000009251daf8) 
thrown [s\src\hotspot\share\interpreter\linkResolver.cpp, line 805]
Event: 1.468 Thread 0x00000229ccc81020 Exception <a 'java/lang/NoSuchMethodError'{0x00000000923a7a68}: 'float java.lang.invoke.DelegatingMethodHandle$Holder.reinvoke_L(java.lang.Object, java.lang.Object, java.lang.Object, java.lang.Object, long, long)'> (0x00000000923a7a68) 
thrown [s\src\hotspot\share\interpreter\linkResolver.cpp, line 805]
Event: 1.563 Thread 0x00000229ec051aa0 Exception <a 'java/lang/NoSuchMethodError'{0x0000000092561bf0}: 'void java.lang.invoke.DelegatingMethodHandle$Holder.reinvoke_L(java.lang.Object, java.lang.Object, java.lang.Object, java.lang.Object, long, long, double)'> (0x0000000092561bf0) 
thrown [s\src\hotspot\share\interpreter\linkResolver.cpp, line 805]

VM Operations (10 events):
Event: 0.675 Executing VM operation: HandshakeAllThreads (Deoptimize)
Event: 0.675 Executing VM operation: HandshakeAllThreads (Deoptimize) done
Event: 0.713 Executing VM operation: HandshakeAllThreads (Deoptimize)
Event: 0.713 Executing VM operation: HandshakeAllThreads (Deoptimize) done
Event: 0.727 Executing VM operation: HandshakeAllThreads (Deoptimize)
Event: 0.727 Executing VM operation: HandshakeAllThreads (Deoptimize) done
Event: 0.784 Executing VM operation: HandshakeAllThreads (Deoptimize)
Event: 0.784 Executing VM operation: HandshakeAllThreads (Deoptimize) done
Event: 1.010 Executing VM operation: HandshakeAllThreads (Deoptimize)
Event: 1.010 Executing VM operation: HandshakeAllThreads (Deoptimize) done

Memory protections (0 events):
No events

Nmethod flushes (0 events):
No events

Events (17 events):
Event: 0.038 Thread 0x00000229ccc81020 Thread added: 0x00000229ccc81020
Event: 0.054 Thread 0x00000229ccc81020 Thread added: 0x00000229ebc5b900
Event: 0.054 Thread 0x00000229ccc81020 Thread added: 0x00000229ebc5c140
Event: 0.054 Thread 0x00000229ccc81020 Thread added: 0x00000229ebc5f7c0
Event: 0.054 Thread 0x00000229ccc81020 Thread added: 0x00000229ebc62300
Event: 0.055 Thread 0x00000229ccc81020 Thread added: 0x00000229ebc62e30
Event: 0.055 Thread 0x00000229ccc81020 Thread added: 0x00000229ebc63960
Event: 0.055 Thread 0x00000229ccc81020 Thread added: 0x00000229ebc74900
Event: 0.055 Thread 0x00000229ccc81020 Thread added: 0x00000229ebc84280
Event: 0.062 Thread 0x00000229ccc81020 Thread added: 0x00000229c509ec70
Event: 0.066 Thread 0x00000229ccc81020 Thread added: 0x00000229c509fbc0
Event: 0.243 Thread 0x00000229ccc81020 Thread added: 0x00000229c55bf380
Event: 0.244 Thread 0x00000229ccc81020 Thread added: 0x00000229c5850f30
Event: 0.245 Thread 0x00000229ccc81020 Thread added: 0x00000229c5851670
Event: 0.739 Thread 0x00000229ccc81020 Thread added: 0x00000229ec0a4340
Event: 0.923 Thread 0x00000229c5851670 Thread added: 0x00000229ec051aa0
Event: 1.434 Thread 0x00000229ec051aa0 Thread added: 0x00000229ec050c00


Dynamic libraries:
0x00007ff7bcb10000 - 0x00007ff7bcb1e000 	C:\Program Files\Apache NetBeans\jdk\bin\java.exe
0x00007fff99600000 - 0x00007fff99867000 	C:\WINDOWS\SYSTEM32\ntdll.dll
0x00007fff97fa0000 - 0x00007fff98069000 	C:\WINDOWS\System32\KERNEL32.DLL
0x00007fff96d50000 - 0x00007fff97140000 	C:\WINDOWS\System32\KERNELBASE.dll
0x00007fff96950000 - 0x00007fff96a9b000 	C:\WINDOWS\System32\ucrtbase.dll
0x00007fff82e50000 - 0x00007fff82e66000 	C:\Program Files\Apache NetBeans\jdk\bin\jli.dll
0x00007fff8e2d0000 - 0x00007fff8e2ee000 	C:\Program Files\Apache NetBeans\jdk\bin\VCRUNTIME140.dll
0x00007fff97af0000 - 0x00007fff97cb5000 	C:\WINDOWS\System32\USER32.dll
0x00007fff7d260000 - 0x00007fff7d4fa000 	C:\WINDOWS\WinSxS\amd64_microsoft.windows.common-controls_6595b64144ccf1df_6.0.26100.4768_none_3e0c112ce331287c\COMCTL32.dll
0x00007fff97150000 - 0x00007fff97177000 	C:\WINDOWS\System32\win32u.dll
0x00007fff97790000 - 0x00007fff97839000 	C:\WINDOWS\System32\msvcrt.dll
0x00007fff978d0000 - 0x00007fff978fb000 	C:\WINDOWS\System32\GDI32.dll
0x00007fff96aa0000 - 0x00007fff96bd8000 	C:\WINDOWS\System32\gdi32full.dll
0x00007fff96ca0000 - 0x00007fff96d43000 	C:\WINDOWS\System32\msvcp_win.dll
0x00007fff981b0000 - 0x00007fff981df000 	C:\WINDOWS\System32\IMM32.DLL
0x00007fff93520000 - 0x00007fff9352c000 	C:\Program Files\Apache NetBeans\jdk\bin\vcruntime140_1.dll
0x00007fff77900000 - 0x00007fff7798d000 	C:\Program Files\Apache NetBeans\jdk\bin\msvcp140.dll
0x00007fff0a1b0000 - 0x00007fff0b02c000 	C:\Program Files\Apache NetBeans\jdk\bin\server\jvm.dll
0x00007fff97900000 - 0x00007fff979b4000 	C:\WINDOWS\System32\ADVAPI32.dll
0x00007fff98080000 - 0x00007fff98126000 	C:\WINDOWS\System32\sechost.dll
0x00007fff98680000 - 0x00007fff98798000 	C:\WINDOWS\System32\RPCRT4.dll
0x00007fff97840000 - 0x00007fff978b4000 	C:\WINDOWS\System32\WS2_32.dll
0x00007fff965b0000 - 0x00007fff9660e000 	C:\WINDOWS\SYSTEM32\POWRPROF.dll
0x00007fff935c0000 - 0x00007fff935cb000 	C:\WINDOWS\SYSTEM32\VERSION.dll
0x00007fff93310000 - 0x00007fff93345000 	C:\WINDOWS\SYSTEM32\WINMM.dll
0x00007fff96590000 - 0x00007fff965a4000 	C:\WINDOWS\SYSTEM32\UMPDC.dll
0x00007fff954b0000 - 0x00007fff954cb000 	C:\WINDOWS\SYSTEM32\kernel.appcore.dll
0x00007fff90600000 - 0x00007fff9060a000 	C:\Program Files\Apache NetBeans\jdk\bin\jimage.dll
0x00007fff881e0000 - 0x00007fff88421000 	C:\WINDOWS\SYSTEM32\DBGHELP.DLL
0x00007fff987a0000 - 0x00007fff98b25000 	C:\WINDOWS\System32\combase.dll
0x00007fff975a0000 - 0x00007fff97680000 	C:\WINDOWS\System32\OLEAUT32.dll
0x00007fff83da0000 - 0x00007fff83de3000 	C:\WINDOWS\SYSTEM32\dbgcore.DLL
0x00007fff96730000 - 0x00007fff967c9000 	C:\WINDOWS\System32\bcryptPrimitives.dll
0x00007fff87cc0000 - 0x00007fff87cde000 	C:\Program Files\Apache NetBeans\jdk\bin\java.dll
0x00007fff97d70000 - 0x00007fff97f10000 	C:\WINDOWS\System32\ole32.dll
0x00007fff98e70000 - 0x00007fff995bd000 	C:\WINDOWS\System32\SHELL32.dll
0x00007fff97210000 - 0x00007fff97383000 	C:\WINDOWS\System32\wintypes.dll
0x00007fff94310000 - 0x00007fff94b70000 	C:\WINDOWS\SYSTEM32\windows.storage.dll
0x00007fff97690000 - 0x00007fff97785000 	C:\WINDOWS\System32\SHCORE.dll
0x00007fff98ca0000 - 0x00007fff98d0a000 	C:\WINDOWS\System32\shlwapi.dll
0x00007fff96650000 - 0x00007fff96679000 	C:\WINDOWS\SYSTEM32\profapi.dll
0x00007fff78380000 - 0x00007fff78457000 	C:\Program Files\Apache NetBeans\jdk\bin\jsvml.dll
0x00007fff90170000 - 0x00007fff90180000 	C:\Program Files\Apache NetBeans\jdk\bin\net.dll
0x00007fff95a40000 - 0x00007fff95aab000 	C:\WINDOWS\system32\mswsock.dll
0x00007fff827c0000 - 0x00007fff827d6000 	C:\Program Files\Apache NetBeans\jdk\bin\nio.dll
0x00007fff827e0000 - 0x00007fff827f7000 	C:\Program Files\Apache NetBeans\jdk\bin\zip.dll
0x00007fff5dfc0000 - 0x00007fff5e13e000 	C:\Program Files\Apache NetBeans\jdk\bin\awt.dll
0x00007fff93450000 - 0x00007fff934ee000 	C:\WINDOWS\SYSTEM32\apphelp.dll
0x00007fff93fe0000 - 0x00007fff94015000 	C:\WINDOWS\system32\DWMAPI.DLL
0x00007fff93d20000 - 0x00007fff93dcf000 	C:\WINDOWS\system32\uxtheme.dll
0x00007fff2cb10000 - 0x00007fff2cc28000 	C:\WINDOWS\system32\opengl32.dll
0x00007fff749a0000 - 0x00007fff749cd000 	C:\WINDOWS\SYSTEM32\GLU32.dll
0x00007fff93e20000 - 0x00007fff93e6d000 	C:\WINDOWS\SYSTEM32\dxcore.dll
0x00007fff98b30000 - 0x00007fff98c91000 	C:\WINDOWS\System32\MSCTF.dll
0x00007fff213e0000 - 0x00007fff2159b000 	C:\WINDOWS\system32\d3d9.dll
0x00007fff88e30000 - 0x00007fff88e50000 	C:\WINDOWS\System32\DriverStore\FileRepository\u0412980.inf_amd64_8f571e6e40853872\B404750\atidx9loader64.dll
0x00007fff17700000 - 0x00007fff1af44000 	C:\WINDOWS\System32\DriverStore\FileRepository\u0412980.inf_amd64_8f571e6e40853872\B404750\AMDXN64.DLL
0x00007fff981f0000 - 0x00007fff98676000 	C:\WINDOWS\System32\SETUPAPI.dll
0x00007fff93e70000 - 0x00007fff93fae000 	C:\WINDOWS\SYSTEM32\dxgi.dll
0x00007fff96620000 - 0x00007fff96646000 	C:\WINDOWS\SYSTEM32\BCrypt.dll
0x00007fff8c110000 - 0x00007fff8c147000 	C:\WINDOWS\System32\DriverStore\FileRepository\u0412980.inf_amd64_8f571e6e40853872\B404750\amdihk64.dll
0x00007fff92fd0000 - 0x00007fff9303a000 	C:\WINDOWS\SYSTEM32\directxdatabasehelper.dll
0x00007fff7eb20000 - 0x00007fff7eba7000 	C:\Program Files\Apache NetBeans\jdk\bin\freetype.dll
0x00007fff3bf90000 - 0x00007fff3c069000 	C:\Program Files\Apache NetBeans\jdk\bin\fontmanager.dll
0x00007fff7b640000 - 0x00007fff7b791000 	C:\WINDOWS\SYSTEM32\textinputframework.dll
0x00007fff93040000 - 0x00007fff93165000 	C:\WINDOWS\SYSTEM32\CoreMessaging.dll
0x00007fff913f0000 - 0x00007fff916d3000 	C:\WINDOWS\SYSTEM32\CoreUIComponents.dll
0x00007fff95d20000 - 0x00007fff95d2c000 	C:\WINDOWS\SYSTEM32\CRYPTBASE.DLL

JVMTI agents: none

dbghelp: loaded successfully - version: 4.0.5 - missing functions: none
symbol engine: initialized successfully - sym options: 0x614 - pdb path: .;C:\Program Files\Apache NetBeans\jdk\bin;C:\WINDOWS\SYSTEM32;C:\WINDOWS\WinSxS\amd64_microsoft.windows.common-controls_6595b64144ccf1df_6.0.26100.4768_none_3e0c112ce331287c;C:\Program Files\Apache NetBeans\jdk\bin\server;C:\WINDOWS\System32\DriverStore\FileRepository\u0412980.inf_amd64_8f571e6e40853872\B404750

VM Arguments:
java_command: cr.ac.ucr.parchis.Parchis
java_class_path (initial): C:\Users\anabe\OneDrive\Documentos\NetBeansProjects\Parchis\target\classes;C:\Users\anabe\.m2\repository\org\netbeans\external\AbsoluteLayout\RELEASE260\AbsoluteLayout-RELEASE260.jar
Launcher Type: SUN_STANDARD

[Global flags]
     intx CICompilerCount                          = 4                                         {product} {ergonomic}
     uint ConcGCThreads                            = 2                                         {product} {ergonomic}
     uint G1ConcRefinementThreads                  = 8                                         {product} {ergonomic}
   size_t G1HeapRegionSize                         = 1048576                                   {product} {ergonomic}
   size_t InitialHeapSize                          = 121634816                                 {product} {ergonomic}
   size_t MarkStackSize                            = 4194304                                   {product} {ergonomic}
   size_t MarkStackSizeMax                         = 536870912                                 {product} {ergonomic}
   size_t MaxHeapSize                              = 1944059904                                {product} {ergonomic}
   size_t MaxNewSize                               = 1166016512                                {product} {ergonomic}
   size_t MinHeapDeltaBytes                        = 1048576                                   {product} {ergonomic}
   size_t MinHeapSize                              = 8388608                                   {product} {ergonomic}
    uintx NonNMethodCodeHeapSize                   = 5832704                                {pd product} {ergonomic}
    uintx NonProfiledCodeHeapSize                  = 122945536                              {pd product} {ergonomic}
    uintx ProfiledCodeHeapSize                     = 122880000                              {pd product} {ergonomic}
    uintx ReservedCodeCacheSize                    = 251658240                              {pd product} {ergonomic}
     bool SegmentedCodeCache                       = true                                      {product} {ergonomic}
   size_t SoftMaxHeapSize                          = 1944059904                             {manageable} {ergonomic}
     bool UseCompressedOops                        = true                           {product lp64_product} {ergonomic}
     bool UseG1GC                                  = true                                      {product} {ergonomic}
     bool UseLargePagesIndividualAllocation        = false                                  {pd product} {ergonomic}

Logging:
Log output configuration:
 #0: stdout all=warning uptime,level,tags foldmultilines=false
 #1: stderr all=off uptime,level,tags foldmultilines=false

Environment Variables:
JAVA_HOME=C:\Program Files\Apache NetBeans\jdk
PATH=C:\Program Files (x86)\Common Files\Oracle\Java\javapath;C:\WINDOWS\system32;C:\WINDOWS;C:\WINDOWS\System32\Wbem;C:\WINDOWS\System32\WindowsPowerShell\v1.0\;C:\WINDOWS\System32\OpenSSH\;C:\Program Files\Java\jdk1.8.0_181\bin;C:\Program Files\Git\cmd;C:\Users\anabe\AppData\Local\Microsoft\WindowsApps;C:\Users\anabe\AppData\Local\Programs\Microsoft VS Code\bin
USERNAME=anabe
OS=Windows_NT
PROCESSOR_IDENTIFIER=AMD64 Family 23 Model 160 Stepping 0, AuthenticAMD
TMP=C:\Users\anabe\AppData\Local\Temp
TEMP=C:\Users\anabe\AppData\Local\Temp




Periodic native trim disabled

---------------  S Y S T E M  ---------------

OS:
 Windows 11 , 64 bit Build 26100 (10.0.26100.4768)
OS uptime: 22 days 5:04 hours
Hyper-V role detected

CPU: total 8 (initial active 8) (8 cores per cpu, 2 threads per core) family 23 model 160 stepping 0 microcode 0x8a00009, cx8, cmov, fxsr, ht, mmx, 3dnowpref, sse, sse2, sse3, ssse3, sse4a, sse4.1, sse4.2, popcnt, lzcnt, tsc, tscinvbit, avx, avx2, aes, clmul, bmi1, bmi2, adx, sha, fma, vzeroupper, clflush, clflushopt, hv, rdtscp, rdpid, f16c
Processor Information for processor 0
  Max Mhz: 2801, Current Mhz: 2801, Mhz Limit: 2801
Processor Information for processor 1
  Max Mhz: 2801, Current Mhz: 2801, Mhz Limit: 2801
Processor Information for processor 2
  Max Mhz: 2801, Current Mhz: 2801, Mhz Limit: 2801
Processor Information for processor 3
  Max Mhz: 2801, Current Mhz: 2801, Mhz Limit: 2801
Processor Information for processor 4
  Max Mhz: 2801, Current Mhz: 2483, Mhz Limit: 2801
Processor Information for processor 5
  Max Mhz: 2801, Current Mhz: 2801, Mhz Limit: 2801
Processor Information for processor 6
  Max Mhz: 2801, Current Mhz: 2801, Mhz Limit: 2801
Processor Information for processor 7
  Max Mhz: 2801, Current Mhz: 2483, Mhz Limit: 2801

Memory: 4k page, system-wide physical 7412M (703M free)
TotalPageFile size 29940M (AvailPageFile size 26M)
current process WorkingSet (physical memory assigned to process): 151M, peak: 151M
current process commit charge ("private bytes"): 278M, peak: 278M

vm_info: OpenJDK 64-Bit Server VM (24.0.1+9) for windows-amd64 JRE (24.0.1+9) (Zulu24.30+11-CA), built on 2025-03-21T13:52:34Z with MS VC++ 17.1 (VS2022)

END.
