#
# There is insufficient memory for the Java Runtime Environment to continue.
# Native memory allocation (malloc) failed to allocate 1048576 bytes. Error detail: AllocateHeap
# Possible reasons:
#   The system is out of physical RAM or swap space
#   This process is running with CompressedOops enabled, and the Java Heap may be blocking the growth of the native heap
# Possible solutions:
#   Reduce memory load on the system
#   Increase physical memory or swap space
#   Check if swap backing store is full
#   Decrease Java heap size (-Xmx/-Xms)
#   Decrease number of Java threads
#   Decrease Java thread stack sizes (-Xss)
#   Set larger code cache with -XX:ReservedCodeCacheSize=
#   JVM is running with Unscaled Compressed Oops mode in which the Java heap is
#     placed in the first 4GB address space. The Java Heap base address is the
#     maximum limit for the native heap growth. Please use -XX:HeapBaseMinAddress
#     to set the Java Heap base and to place the Java Heap above 4GB virtual address.
# This output file may be truncated or incomplete.
#
#  Out of Memory Error (allocation.cpp:44), pid=31164, tid=24228
#
# JRE version:  (24.0.1+9) (build )
# Java VM: OpenJDK 64-Bit Server VM (24.0.1+9, mixed mode, sharing, tiered, compressed oops, compressed class ptrs, g1 gc, windows-amd64)
# No core dump will be written. Minidumps are not enabled by default on client versions of Windows
#

---------------  S U M M A R Y ------------

Command Line: cr.ac.ucr.parchis.Parchis

Host: AMD Ryzen 5 7520U with Radeon Graphics         , 8 cores, 7G,  Windows 11 , 64 bit Build 26100 (10.0.26100.4768)
Time: Thu Oct 16 10:58:34 2025 Hora estándar, América Central elapsed time: 0.138780 seconds (0d 0h 0m 0s)

---------------  T H R E A D  ---------------

Current thread (0x00000216e50991c0):  JavaThread "Unknown thread" [_thread_in_vm, id=24228, stack(0x0000003450700000,0x0000003450800000) (1024K)]

Stack: [0x0000003450700000,0x0000003450800000]
Native frames: (J=compiled Java code, j=interpreted, Vv=VM code, C=native code)
V  [jvm.dll+0x7410c9]  (no source info available)
V  [jvm.dll+0x97def3]  (no source info available)
V  [jvm.dll+0x98021d]  (no source info available)
V  [jvm.dll+0x980893]  (no source info available)
V  [jvm.dll+0x2b5b16]  (no source info available)
V  [jvm.dll+0xbf497]  (no source info available)
V  [jvm.dll+0x373995]  (no source info available)
V  [jvm.dll+0x36ac61]  (no source info available)
V  [jvm.dll+0x94069f]  (no source info available)
V  [jvm.dll+0x4077ad]  (no source info available)
V  [jvm.dll+0x928b1e]  (no source info available)
V  [jvm.dll+0x4a2c4e]  (no source info available)
V  [jvm.dll+0x4a4b81]  (no source info available)
C  [jli.dll+0x52a1]  (no source info available)
C  [ucrtbase.dll+0x37b0]  (no source info available)
C  [KERNEL32.DLL+0x2e8d7]  (no source info available)
C  [ntdll.dll+0x3c34c]  (no source info available)

Lock stack of current Java thread (top to bottom):


---------------  P R O C E S S  ---------------

Threads class SMR info:
_java_thread_list=0x00007fff0aebbf58, length=0, elements={
}

Java Threads: ( => current thread )
Total: 0

Other Threads:
  0x00000216e50ec030 WorkerThread "GC Thread#0"                     [id=2808, stack(0x0000003450800000,0x0000003450900000) (1024K)]

[error occurred during error reporting (printing all threads), id 0xc0000005, EXCEPTION_ACCESS_VIOLATION (0xc0000005) at pc=0x00007fff0a528f90]
VM state: not at safepoint (not fully initialized)

VM Mutex/Monitor currently owned by a thread:  ([mutex/lock_event])
[0x00007fff0af450c8] Heap_lock - owner thread: 0x00000216e50991c0

Heap address: 0x000000008c200000, size: 1854 MB, Compressed Oops mode: 32-bit

CDS archive(s) mapped at: [0x0000000000000000-0x0000000000000000-0x0000000000000000), size 0, SharedBaseAddress: 0x0000000800000000, ArchiveRelocationMode: 1.
UseCompressedClassPointers 1, UseCompactObjectHeaders 0
Narrow klass pointer bits 32, Max shift 3
Narrow klass base: 0xffffffffffffffff, Narrow klass shift: -1
Encoding Range: [0xffffffffffffffff - 0x000000007fffffff), (2147483648 bytes)
Klass Range:    [0x0000000000000000 - 0x0000000000000000), (0 bytes)
Klass ID Range:  [4294967295 - 0) (1)

GC Precious Log:
 CardTable entry size: 512
 Card Set container configuration: InlinePtr #cards 5 size 8 Array Of Cards #cards 10 size 36 Howl #buckets 4 coarsen threshold 1843 Howl Bitmap #cards 512 size 80 coarsen threshold 460 Card regions per heap region 1 cards per card region 2048

Heap:
 garbage-first heap   total reserved 1898496K, committed 0K, used 0K [0x000000008c200000, 0x0000000100000000)
  region size 1024K, 0 young (0K), 0 survivors (0K)

[error occurred during error reporting (printing heap information), id 0xc0000005, EXCEPTION_ACCESS_VIOLATION (0xc0000005) at pc=0x00007fff0a94f8e9]
GC Heap History (0 events):
No events

Dll operation events (1 events):
Event: 0.013 Loaded shared library C:\Program Files\Apache NetBeans\jdk\bin\java.dll

Deoptimization events (0 events):
No events

Classes loaded (0 events):
No events

Classes unloaded (0 events):
No events

Classes redefined (0 events):
No events

Internal exceptions (0 events):
No events

VM Operations (0 events):
No events

Memory protections (0 events):
No events

Nmethod flushes (0 events):
No events

Events (0 events):
No events


Dynamic libraries:
0x00007ff7bcb10000 - 0x00007ff7bcb1e000 	C:\Program Files\Apache NetBeans\jdk\bin\java.exe
0x00007fff99600000 - 0x00007fff99867000 	C:\WINDOWS\SYSTEM32\ntdll.dll
0x00007fff97fa0000 - 0x00007fff98069000 	C:\WINDOWS\System32\KERNEL32.DLL
0x00007fff96d50000 - 0x00007fff97140000 	C:\WINDOWS\System32\KERNELBASE.dll
0x00007fff96950000 - 0x00007fff96a9b000 	C:\WINDOWS\System32\ucrtbase.dll
0x00007fff8e2d0000 - 0x00007fff8e2ee000 	C:\Program Files\Apache NetBeans\jdk\bin\VCRUNTIME140.dll
0x00007fff82e50000 - 0x00007fff82e66000 	C:\Program Files\Apache NetBeans\jdk\bin\jli.dll
0x00007fff97af0000 - 0x00007fff97cb5000 	C:\WINDOWS\System32\USER32.dll
0x00007fff97150000 - 0x00007fff97177000 	C:\WINDOWS\System32\win32u.dll
0x00007fff7d260000 - 0x00007fff7d4fa000 	C:\WINDOWS\WinSxS\amd64_microsoft.windows.common-controls_6595b64144ccf1df_6.0.26100.4768_none_3e0c112ce331287c\COMCTL32.dll
0x00007fff978d0000 - 0x00007fff978fb000 	C:\WINDOWS\System32\GDI32.dll
0x00007fff97790000 - 0x00007fff97839000 	C:\WINDOWS\System32\msvcrt.dll
0x00007fff96aa0000 - 0x00007fff96bd8000 	C:\WINDOWS\System32\gdi32full.dll
0x00007fff96ca0000 - 0x00007fff96d43000 	C:\WINDOWS\System32\msvcp_win.dll
0x00007fff981b0000 - 0x00007fff981df000 	C:\WINDOWS\System32\IMM32.DLL
0x00007fff93520000 - 0x00007fff9352c000 	C:\Program Files\Apache NetBeans\jdk\bin\vcruntime140_1.dll
0x00007fff77900000 - 0x00007fff7798d000 	C:\Program Files\Apache NetBeans\jdk\bin\msvcp140.dll
0x00007fff0a1b0000 - 0x00007fff0b02c000 	C:\Program Files\Apache NetBeans\jdk\bin\server\jvm.dll
0x00007fff97900000 - 0x00007fff979b4000 	C:\WINDOWS\System32\ADVAPI32.dll
0x00007fff98080000 - 0x00007fff98126000 	C:\WINDOWS\System32\sechost.dll
0x00007fff98680000 - 0x00007fff98798000 	C:\WINDOWS\System32\RPCRT4.dll
0x00007fff97840000 - 0x00007fff978b4000 	C:\WINDOWS\System32\WS2_32.dll
0x00007fff93310000 - 0x00007fff93345000 	C:\WINDOWS\SYSTEM32\WINMM.dll
0x00007fff965b0000 - 0x00007fff9660e000 	C:\WINDOWS\SYSTEM32\POWRPROF.dll
0x00007fff935c0000 - 0x00007fff935cb000 	C:\WINDOWS\SYSTEM32\VERSION.dll
0x00007fff96590000 - 0x00007fff965a4000 	C:\WINDOWS\SYSTEM32\UMPDC.dll
0x00007fff954b0000 - 0x00007fff954cb000 	C:\WINDOWS\SYSTEM32\kernel.appcore.dll
0x00007fff90600000 - 0x00007fff9060a000 	C:\Program Files\Apache NetBeans\jdk\bin\jimage.dll
0x00007fff881e0000 - 0x00007fff88421000 	C:\WINDOWS\SYSTEM32\DBGHELP.DLL
0x00007fff987a0000 - 0x00007fff98b25000 	C:\WINDOWS\System32\combase.dll
0x00007fff975a0000 - 0x00007fff97680000 	C:\WINDOWS\System32\OLEAUT32.dll
0x00007fff83da0000 - 0x00007fff83de3000 	C:\WINDOWS\SYSTEM32\dbgcore.DLL
0x00007fff96730000 - 0x00007fff967c9000 	C:\WINDOWS\System32\bcryptPrimitives.dll
0x00007fff87cc0000 - 0x00007fff87cde000 	C:\Program Files\Apache NetBeans\jdk\bin\java.dll
0x00007fff97d70000 - 0x00007fff97f10000 	C:\WINDOWS\System32\ole32.dll
0x00007fff98e70000 - 0x00007fff995bd000 	C:\WINDOWS\System32\SHELL32.dll
0x00007fff97210000 - 0x00007fff97383000 	C:\WINDOWS\System32\wintypes.dll

JVMTI agents: none

dbghelp: loaded successfully - version: 4.0.5 - missing functions: none
symbol engine: initialized successfully - sym options: 0x614 - pdb path: .;C:\Program Files\Apache NetBeans\jdk\bin;C:\WINDOWS\SYSTEM32;C:\WINDOWS\WinSxS\amd64_microsoft.windows.common-controls_6595b64144ccf1df_6.0.26100.4768_none_3e0c112ce331287c;C:\Program Files\Apache NetBeans\jdk\bin\server

VM Arguments:
java_command: cr.ac.ucr.parchis.Parchis
java_class_path (initial): C:\Users\anabe\OneDrive\Documentos\NetBeansProjects\Parchis\target\classes;C:\Users\anabe\.m2\repository\org\netbeans\external\AbsoluteLayout\RELEASE260\AbsoluteLayout-RELEASE260.jar
Launcher Type: SUN_STANDARD

[Global flags]
     intx CICompilerCount                          = 4                                         {product} {ergonomic}
     uint ConcGCThreads                            = 2                                         {product} {ergonomic}
     uint G1ConcRefinementThreads                  = 8                                         {product} {ergonomic}
   size_t G1HeapRegionSize                         = 1048576                                   {product} {ergonomic}
   size_t InitialHeapSize                          = 121634816                                 {product} {ergonomic}
   size_t MarkStackSize                            = 4194304                                   {product} {ergonomic}
   size_t MarkStackSizeMax                         = 536870912                                 {product} {ergonomic}
   size_t MaxHeapSize                              = 1944059904                                {product} {ergonomic}
   size_t MinHeapDeltaBytes                        = 1048576                                   {product} {ergonomic}
   size_t MinHeapSize                              = 8388608                                   {product} {ergonomic}
    uintx NonNMethodCodeHeapSize                   = 5832704                                {pd product} {ergonomic}
    uintx NonProfiledCodeHeapSize                  = 122945536                              {pd product} {ergonomic}
    uintx ProfiledCodeHeapSize                     = 122880000                              {pd product} {ergonomic}
    uintx ReservedCodeCacheSize                    = 251658240                              {pd product} {ergonomic}
     bool SegmentedCodeCache                       = true                                      {product} {ergonomic}
   size_t SoftMaxHeapSize                          = 1944059904                             {manageable} {ergonomic}
     bool UseCompressedOops                        = true                           {product lp64_product} {ergonomic}
     bool UseG1GC                                  = true                                      {product} {ergonomic}
     bool UseLargePagesIndividualAllocation        = false                                  {pd product} {ergonomic}

Logging:
Log output configuration:
 #0: stdout all=warning uptime,level,tags foldmultilines=false
 #1: stderr all=off uptime,level,tags foldmultilines=false

Environment Variables:
JAVA_HOME=C:\Program Files\Apache NetBeans\jdk
PATH=C:\Program Files (x86)\Common Files\Oracle\Java\javapath;C:\WINDOWS\system32;C:\WINDOWS;C:\WINDOWS\System32\Wbem;C:\WINDOWS\System32\WindowsPowerShell\v1.0\;C:\WINDOWS\System32\OpenSSH\;C:\Program Files\Java\jdk1.8.0_181\bin;C:\Program Files\Git\cmd;C:\Users\anabe\AppData\Local\Microsoft\WindowsApps;C:\Users\anabe\AppData\Local\Programs\Microsoft VS Code\bin
USERNAME=anabe
OS=Windows_NT
PROCESSOR_IDENTIFIER=AMD64 Family 23 Model 160 Stepping 0, AuthenticAMD
TMP=C:\Users\anabe\AppData\Local\Temp
TEMP=C:\Users\anabe\AppData\Local\Temp




Periodic native trim disabled

---------------  S Y S T E M  ---------------

OS:
 Windows 11 , 64 bit Build 26100 (10.0.26100.4768)
OS uptime: 22 days 5:27 hours
Hyper-V role detected

CPU: total 8 (initial active 8) (8 cores per cpu, 2 threads per core) family 23 model 160 stepping 0 microcode 0x8a00009, cx8, cmov, fxsr, ht, mmx, 3dnowpref, sse, sse2, sse3, ssse3, sse4a, sse4.1, sse4.2, popcnt, lzcnt, tsc, tscinvbit, avx, avx2, aes, clmul, bmi1, bmi2, adx, sha, fma, vzeroupper, clflush, clflushopt, hv, rdtscp, rdpid, f16c
Processor Information for processor 0
  Max Mhz: 2801, Current Mhz: 2483, Mhz Limit: 2801
Processor Information for processor 1
  Max Mhz: 2801, Current Mhz: 2483, Mhz Limit: 2801
Processor Information for processor 2
  Max Mhz: 2801, Current Mhz: 2483, Mhz Limit: 2801
Processor Information for processor 3
  Max Mhz: 2801, Current Mhz: 2801, Mhz Limit: 2801
Processor Information for processor 4
  Max Mhz: 2801, Current Mhz: 2483, Mhz Limit: 2801
Processor Information for processor 5
  Max Mhz: 2801, Current Mhz: 2483, Mhz Limit: 2801
Processor Information for processor 6
  Max Mhz: 2801, Current Mhz: 2483, Mhz Limit: 2801
Processor Information for processor 7
  Max Mhz: 2801, Current Mhz: 2483, Mhz Limit: 2801

Memory: 4k page, system-wide physical 7412M (575M free)
TotalPageFile size 29940M (AvailPageFile size 9M)
current process WorkingSet (physical memory assigned to process): 13M, peak: 13M
current process commit charge ("private bytes"): 56M, peak: 57M

vm_info: OpenJDK 64-Bit Server VM (24.0.1+9) for windows-amd64 JRE (24.0.1+9) (Zulu24.30+11-CA), built on 2025-03-21T13:52:34Z with MS VC++ 17.1 (VS2022)

END.
